<?xml version="1.0" encoding="UTF-8"?>
<!-- Generated by org.testng.reporters.JUnitReportReporter -->
<testsuite hostname="DESKTOP-Q2R61H0" name="MyClassTest" tests="4" failures="0" timestamp="27 Nov 2015 13:56:27 GMT" time="0.026" errors="0">
  <testcase name="SecondTest" time="0.008" classname="MyClassTest"/>
  <testcase name="FourthTestNegative" time="0.009" classname="MyClassTest"/>
  <testcase name="FirstTest" time="0.004" classname="MyClassTest"/>
  <testcase name="ThirdTestNegative" time="0.005" classname="MyClassTest"/>
</testsuite> <!-- MyClassTest -->
