<?xml version="1.0" encoding="UTF-8"?>
<!-- Generated by org.testng.reporters.JUnitReportReporter -->
<testsuite hostname="DESKTOP-Q2R61H0" name="src.MyTestPassedClass" tests="4" failures="0" timestamp="23 Nov 2015 10:30:47 GMT" time="0.018" errors="0">
  <testcase name="FirstTest" time="0.001" classname="src.MyTestPassedClass"/>
  <testcase name="SecondTest" time="0.000" classname="src.MyTestPassedClass"/>
  <testcase name="ThirdTest" time="0.002" classname="src.MyTestPassedClass"/>
  <testcase name="FourthTest" time="0.015" classname="src.MyTestPassedClass"/>
</testsuite> <!-- src.MyTestPassedClass -->
