<?xml version="1.0" encoding="UTF-8"?>
<!-- Generated by org.testng.reporters.JUnitReportReporter -->
<testsuite hostname="DESKTOP-Q2R61H0" name="src.MyClassTest" tests="3" failures="0" timestamp="25 Nov 2015 10:16:57 GMT" time="0.000" errors="0">
  <testcase name="SecondTest" time="0.000" classname="src.MyClassTest"/>
  <testcase name="ThirdTestNegative" time="0.000" classname="src.MyClassTest"/>
  <testcase name="FirstTest" time="0.000" classname="src.MyClassTest"/>
</testsuite> <!-- src.MyClassTest -->
