<?xml version="1.0" encoding="UTF-8"?>
<!-- Generated by org.testng.reporters.JUnitReportReporter -->
<testsuite hostname="DESKTOP-Q2R61H0" name="package2.MySecondTest" tests="4" failures="0" timestamp="27 Nov 2015 13:56:27 GMT" time="0.013" errors="0">
  <testcase name="FirstTest" time="0.005" classname="package2.MySecondTest"/>
  <testcase name="SecondTest" time="0.002" classname="package2.MySecondTest"/>
  <testcase name="ThirdTestNegative" time="0.003" classname="package2.MySecondTest"/>
  <testcase name="FourthTestNegative" time="0.003" classname="package2.MySecondTest"/>
</testsuite> <!-- package2.MySecondTest -->
