<?xml version="1.0" encoding="UTF-8"?>
<!-- Generated by org.testng.reporters.JUnitReportReporter -->
<testsuite hostname="DESKTOP-Q2R61H0" name="src.MyTestFailedClass" tests="1" failures="0" timestamp="23 Nov 2015 15:56:04 GMT" time="0.011" errors="0">
  <testcase name="FirstTest" time="0.011" classname="src.MyTestFailedClass"/>
</testsuite> <!-- src.MyTestFailedClass -->
