<?xml version="1.0" encoding="UTF-8"?>
<!-- Generated by org.testng.reporters.JUnitReportReporter -->
<testsuite hostname="DESKTOP-Q2R61H0" name="MyTest" tests="4" failures="0" timestamp="20 Nov 2015 15:40:21 GMT" time="0.012" errors="0">
  <testcase name="ThirdTest" time="0.000" classname="MyTest"/>
  <testcase name="FirstTest" time="0.009" classname="MyTest"/>
  <testcase name="SecondTest" time="0.001" classname="MyTest"/>
  <testcase name="FourthTest" time="0.002" classname="MyTest"/>
</testsuite> <!-- MyTest -->
