<?xml version="1.0" encoding="UTF-8"?>
<!-- Generated by org.testng.reporters.JUnitReportReporter -->
<testsuite hostname="DESKTOP-Q2R61H0" name="MyPackage1.MyClassTest" tests="4" failures="0" timestamp="30 Nov 2015 11:05:55 GMT" time="0.020" errors="0">
  <testcase name="FourthTestNegative" time="0.008" classname="MyPackage1.MyClassTest"/>
  <testcase name="FirstTest" time="0.002" classname="MyPackage1.MyClassTest"/>
  <testcase name="ThirdTestNegative" time="0.009" classname="MyPackage1.MyClassTest"/>
  <testcase name="SecondTest" time="0.001" classname="MyPackage1.MyClassTest"/>
</testsuite> <!-- MyPackage1.MyClassTest -->
