<?xml version="1.0" encoding="UTF-8"?>
<!-- Generated by org.testng.reporters.JUnitReportReporter -->
<testsuite hostname="DESKTOP-Q2R61H0" name="package2.MySecondTest" tests="4" failures="0" timestamp="30 Nov 2015 14:05:20 GMT" time="0.014" errors="0">
  <testcase name="FirstTest" time="0.001" classname="package2.MySecondTest"/>
  <testcase name="FourthTestNegative" time="0.009" classname="package2.MySecondTest"/>
  <testcase name="SecondTest" time="0.000" classname="package2.MySecondTest"/>
  <testcase name="ThirdTestNegative" time="0.004" classname="package2.MySecondTest"/>
</testsuite> <!-- package2.MySecondTest -->
