<?xml version="1.0" encoding="UTF-8"?>
<!-- Generated by org.testng.reporters.JUnitReportReporter -->
<testsuite hostname="DESKTOP-Q2R61H0" name="MyPackage1.MyFirstTest" tests="4" failures="0" timestamp="30 Nov 2015 14:05:20 GMT" time="0.016" errors="0">
  <testcase name="ThirdTestNegative" time="0.002" classname="MyPackage1.MyFirstTest"/>
  <testcase name="FirstTest" time="0.005" classname="MyPackage1.MyFirstTest"/>
  <testcase name="SecondTest" time="0.003" classname="MyPackage1.MyFirstTest"/>
  <testcase name="FourthTestNegative" time="0.006" classname="MyPackage1.MyFirstTest"/>
</testsuite> <!-- MyPackage1.MyFirstTest -->
