<?xml version="1.0" encoding="UTF-8"?>
<!-- Generated by org.testng.reporters.JUnitReportReporter -->
<testsuite hostname="DESKTOP-Q2R61H0" name="package2.MyClassTest" tests="4" failures="0" timestamp="30 Nov 2015 11:05:55 GMT" time="0.020" errors="0">
  <testcase name="ThirdTestNegative" time="0.005" classname="package2.MyClassTest"/>
  <testcase name="FirstTest" time="0.001" classname="package2.MyClassTest"/>
  <testcase name="SecondTest" time="0.003" classname="package2.MyClassTest"/>
  <testcase name="FourthTestNegative" time="0.011" classname="package2.MyClassTest"/>
</testsuite> <!-- package2.MyClassTest -->
