<?xml version="1.0" encoding="UTF-8"?>
<!-- Generated by org.testng.reporters.JUnitReportReporter -->
<testsuite hostname="DESKTOP-Q2R61H0" name="MyClassTest" tests="4" failures="0" timestamp="27 Nov 2015 14:21:54 GMT" time="0.009" errors="0">
  <testcase name="ThirdTestNegative" time="0.000" classname="MyClassTest"/>
  <testcase name="FourthTestNegative" time="0.007" classname="MyClassTest"/>
  <testcase name="FirstTest" time="0.002" classname="MyClassTest"/>
  <testcase name="SecondTest" time="0.000" classname="MyClassTest"/>
</testsuite> <!-- MyClassTest -->
